{"C:\\Users\\HP\\OneDrive\\Desktop\\secure-authentication\\src\\app.js": {"path":"C:\\Users\\HP\\OneDrive\\Desktop\\secure-authentication\\src\\app.js","statementMap":{"0":{"start":{"line":12,"column":12},"end":{"line":12,"column":21}},"1":{"start":{"line":14,"column":13},"end":{"line":14,"column":37}},"2":{"start":{"line":17,"column":0},"end":{"line":17,"column":24}},"3":{"start":{"line":18,"column":0},"end":{"line":18,"column":16}},"4":{"start":{"line":19,"column":0},"end":{"line":19,"column":18}},"5":{"start":{"line":20,"column":0},"end":{"line":20,"column":24}},"6":{"start":{"line":22,"column":16},"end":{"line":26,"column":2}},"7":{"start":{"line":27,"column":0},"end":{"line":27,"column":17}},"8":{"start":{"line":30,"column":0},"end":{"line":30,"column":27}},"9":{"start":{"line":33,"column":0},"end":{"line":33,"column":22}},"10":{"start":{"line":36,"column":20},"end":{"line":41,"column":1}},"11":{"start":{"line":37,"column":2},"end":{"line":37,"column":20}},"12":{"start":{"line":38,"column":2},"end":{"line":40,"column":5}},"13":{"start":{"line":39,"column":4},"end":{"line":39,"column":65}},"14":{"start":{"line":43,"column":0},"end":{"line":43,"column":14}}},"fnMap":{"0":{"name":"(anonymous_0)","decl":{"start":{"line":36,"column":20},"end":{"line":36,"column":21}},"loc":{"start":{"line":36,"column":32},"end":{"line":41,"column":1}},"line":36},"1":{"name":"(anonymous_1)","decl":{"start":{"line":38,"column":19},"end":{"line":38,"column":20}},"loc":{"start":{"line":38,"column":25},"end":{"line":40,"column":3}},"line":38}},"branchMap":{"0":{"loc":{"start":{"line":14,"column":13},"end":{"line":14,"column":37}},"type":"binary-expr","locations":[{"start":{"line":14,"column":13},"end":{"line":14,"column":29}},{"start":{"line":14,"column":33},"end":{"line":14,"column":37}}],"line":14}},"s":{"0":1,"1":1,"2":1,"3":1,"4":1,"5":1,"6":1,"7":1,"8":1,"9":1,"10":1,"11":1,"12":1,"13":1,"14":1},"f":{"0":1,"1":1},"b":{"0":[1,0]},"_coverageSchema":"1a1c01bbd47fc00a2c39e90264f33305004495a9","hash":"98fdee2f9e5423939e3ef286def918623333b88a"}
,"C:\\Users\\HP\\OneDrive\\Desktop\\secure-authentication\\src\\config\\db\\db.js": {"path":"C:\\Users\\HP\\OneDrive\\Desktop\\secure-authentication\\src\\config\\db\\db.js","statementMap":{"0":{"start":{"line":2,"column":18},"end":{"line":10,"column":1}},"1":{"start":{"line":3,"column":2},"end":{"line":9,"column":3}},"2":{"start":{"line":4,"column":4},"end":{"line":4,"column":53}},"3":{"start":{"line":5,"column":4},"end":{"line":5,"column":60}},"4":{"start":{"line":7,"column":4},"end":{"line":7,"column":61}},"5":{"start":{"line":8,"column":4},"end":{"line":8,"column":20}}},"fnMap":{"0":{"name":"(anonymous_0)","decl":{"start":{"line":2,"column":18},"end":{"line":2,"column":19}},"loc":{"start":{"line":2,"column":30},"end":{"line":10,"column":1}},"line":2}},"branchMap":{},"s":{"0":1,"1":1,"2":1,"3":1,"4":0,"5":0},"f":{"0":1},"b":{},"_coverageSchema":"1a1c01bbd47fc00a2c39e90264f33305004495a9","hash":"141fcad1ebdc268710f61e4ff1100096665ee608"}
,"C:\\Users\\HP\\OneDrive\\Desktop\\secure-authentication\\src\\controllers\\auth\\auth.controllers.js": {"path":"C:\\Users\\HP\\OneDrive\\Desktop\\secure-authentication\\src\\controllers\\auth\\auth.controllers.js","statementMap":{"0":{"start":{"line":25,"column":32},"end":{"line":84,"column":1}},"1":{"start":{"line":26,"column":2},"end":{"line":83,"column":3}},"2":{"start":{"line":28,"column":38},"end":{"line":28,"column":46}},"3":{"start":{"line":30,"column":21},"end":{"line":30,"column":35}},"4":{"start":{"line":33,"column":25},"end":{"line":33,"column":44}},"5":{"start":{"line":36,"column":25},"end":{"line":40,"column":5}},"6":{"start":{"line":41,"column":4},"end":{"line":45,"column":5}},"7":{"start":{"line":42,"column":6},"end":{"line":44,"column":8}},"8":{"start":{"line":48,"column":27},"end":{"line":48,"column":59}},"9":{"start":{"line":51,"column":20},"end":{"line":56,"column":5}},"10":{"start":{"line":59,"column":37},"end":{"line":59,"column":57}},"11":{"start":{"line":62,"column":4},"end":{"line":62,"column":51}},"12":{"start":{"line":65,"column":17},"end":{"line":65,"column":55}},"13":{"start":{"line":68,"column":4},"end":{"line":68,"column":44}},"14":{"start":{"line":71,"column":4},"end":{"line":71,"column":71}},"15":{"start":{"line":74,"column":4},"end":{"line":80,"column":7}},"16":{"start":{"line":82,"column":4},"end":{"line":82,"column":30}},"17":{"start":{"line":86,"column":25},"end":{"line":137,"column":1}},"18":{"start":{"line":87,"column":2},"end":{"line":136,"column":3}},"19":{"start":{"line":89,"column":38},"end":{"line":89,"column":46}},"20":{"start":{"line":90,"column":21},"end":{"line":90,"column":35}},"21":{"start":{"line":93,"column":25},"end":{"line":93,"column":44}},"22":{"start":{"line":96,"column":17},"end":{"line":96,"column":76}},"23":{"start":{"line":99,"column":4},"end":{"line":101,"column":5}},"24":{"start":{"line":100,"column":6},"end":{"line":100,"column":74}},"25":{"start":{"line":104,"column":30},"end":{"line":104,"column":77}},"26":{"start":{"line":107,"column":4},"end":{"line":109,"column":5}},"27":{"start":{"line":108,"column":6},"end":{"line":108,"column":41}},"28":{"start":{"line":112,"column":37},"end":{"line":112,"column":54}},"29":{"start":{"line":115,"column":4},"end":{"line":115,"column":48}},"30":{"start":{"line":118,"column":24},"end":{"line":118,"column":59}},"31":{"start":{"line":121,"column":4},"end":{"line":121,"column":44}},"32":{"start":{"line":123,"column":62},"end":{"line":123,"column":78}},"33":{"start":{"line":126,"column":4},"end":{"line":132,"column":7}},"34":{"start":{"line":135,"column":4},"end":{"line":135,"column":30}},"35":{"start":{"line":139,"column":26},"end":{"line":170,"column":1}},"36":{"start":{"line":140,"column":2},"end":{"line":169,"column":3}},"37":{"start":{"line":142,"column":19},"end":{"line":142,"column":31}},"38":{"start":{"line":145,"column":17},"end":{"line":145,"column":50}},"39":{"start":{"line":148,"column":4},"end":{"line":150,"column":5}},"40":{"start":{"line":149,"column":6},"end":{"line":149,"column":55}},"41":{"start":{"line":153,"column":4},"end":{"line":153,"column":45}},"42":{"start":{"line":156,"column":4},"end":{"line":160,"column":7}},"43":{"start":{"line":163,"column":4},"end":{"line":166,"column":7}},"44":{"start":{"line":168,"column":4},"end":{"line":168,"column":30}},"45":{"start":{"line":172,"column":30},"end":{"line":217,"column":1}},"46":{"start":{"line":173,"column":2},"end":{"line":216,"column":3}},"47":{"start":{"line":175,"column":22},"end":{"line":175,"column":30}},"48":{"start":{"line":177,"column":4},"end":{"line":179,"column":5}},"49":{"start":{"line":178,"column":6},"end":{"line":178,"column":64}},"50":{"start":{"line":182,"column":29},"end":{"line":182,"column":48}},"51":{"start":{"line":185,"column":17},"end":{"line":185,"column":63}},"52":{"start":{"line":188,"column":4},"end":{"line":190,"column":5}},"53":{"start":{"line":189,"column":6},"end":{"line":189,"column":55}},"54":{"start":{"line":193,"column":27},"end":{"line":193,"column":58}},"55":{"start":{"line":196,"column":27},"end":{"line":196,"column":65}},"56":{"start":{"line":199,"column":4},"end":{"line":199,"column":35}},"57":{"start":{"line":200,"column":4},"end":{"line":200,"column":16}},"58":{"start":{"line":203,"column":4},"end":{"line":203,"column":61}},"59":{"start":{"line":206,"column":4},"end":{"line":212,"column":7}},"60":{"start":{"line":215,"column":4},"end":{"line":215,"column":30}},"61":{"start":{"line":219,"column":36},"end":{"line":240,"column":1}},"62":{"start":{"line":220,"column":2},"end":{"line":239,"column":3}},"63":{"start":{"line":221,"column":18},"end":{"line":221,"column":56}},"64":{"start":{"line":222,"column":22},"end":{"line":222,"column":24}},"65":{"start":{"line":223,"column":4},"end":{"line":226,"column":7}},"66":{"start":{"line":224,"column":54},"end":{"line":224,"column":63}},"67":{"start":{"line":225,"column":6},"end":{"line":225,"column":28}},"68":{"start":{"line":228,"column":4},"end":{"line":235,"column":7}},"69":{"start":{"line":238,"column":4},"end":{"line":238,"column":30}}},"fnMap":{"0":{"name":"(anonymous_0)","decl":{"start":{"line":25,"column":32},"end":{"line":25,"column":33}},"loc":{"start":{"line":25,"column":58},"end":{"line":84,"column":1}},"line":25},"1":{"name":"(anonymous_1)","decl":{"start":{"line":86,"column":25},"end":{"line":86,"column":26}},"loc":{"start":{"line":86,"column":51},"end":{"line":137,"column":1}},"line":86},"2":{"name":"(anonymous_2)","decl":{"start":{"line":139,"column":26},"end":{"line":139,"column":27}},"loc":{"start":{"line":139,"column":52},"end":{"line":170,"column":1}},"line":139},"3":{"name":"(anonymous_3)","decl":{"start":{"line":172,"column":30},"end":{"line":172,"column":31}},"loc":{"start":{"line":172,"column":56},"end":{"line":217,"column":1}},"line":172},"4":{"name":"(anonymous_4)","decl":{"start":{"line":219,"column":36},"end":{"line":219,"column":37}},"loc":{"start":{"line":219,"column":62},"end":{"line":240,"column":1}},"line":219},"5":{"name":"(anonymous_5)","decl":{"start":{"line":223,"column":18},"end":{"line":223,"column":19}},"loc":{"start":{"line":223,"column":28},"end":{"line":226,"column":5}},"line":223}},"branchMap":{"0":{"loc":{"start":{"line":30,"column":21},"end":{"line":30,"column":35}},"type":"binary-expr","locations":[{"start":{"line":30,"column":21},"end":{"line":30,"column":25}},{"start":{"line":30,"column":29},"end":{"line":30,"column":35}}],"line":30},"1":{"loc":{"start":{"line":41,"column":4},"end":{"line":45,"column":5}},"type":"if","locations":[{"start":{"line":41,"column":4},"end":{"line":45,"column":5}},{"start":{},"end":{}}],"line":41},"2":{"loc":{"start":{"line":90,"column":21},"end":{"line":90,"column":35}},"type":"binary-expr","locations":[{"start":{"line":90,"column":21},"end":{"line":90,"column":25}},{"start":{"line":90,"column":29},"end":{"line":90,"column":35}}],"line":90},"3":{"loc":{"start":{"line":99,"column":4},"end":{"line":101,"column":5}},"type":"if","locations":[{"start":{"line":99,"column":4},"end":{"line":101,"column":5}},{"start":{},"end":{}}],"line":99},"4":{"loc":{"start":{"line":107,"column":4},"end":{"line":109,"column":5}},"type":"if","locations":[{"start":{"line":107,"column":4},"end":{"line":109,"column":5}},{"start":{},"end":{}}],"line":107},"5":{"loc":{"start":{"line":148,"column":4},"end":{"line":150,"column":5}},"type":"if","locations":[{"start":{"line":148,"column":4},"end":{"line":150,"column":5}},{"start":{},"end":{}}],"line":148},"6":{"loc":{"start":{"line":177,"column":4},"end":{"line":179,"column":5}},"type":"if","locations":[{"start":{"line":177,"column":4},"end":{"line":179,"column":5}},{"start":{},"end":{}}],"line":177},"7":{"loc":{"start":{"line":188,"column":4},"end":{"line":190,"column":5}},"type":"if","locations":[{"start":{"line":188,"column":4},"end":{"line":190,"column":5}},{"start":{},"end":{}}],"line":188},"8":{"loc":{"start":{"line":231,"column":8},"end":{"line":233,"column":57}},"type":"cond-expr","locations":[{"start":{"line":232,"column":12},"end":{"line":232,"column":41}},{"start":{"line":233,"column":12},"end":{"line":233,"column":57}}],"line":231},"9":{"loc":{"start":{"line":234,"column":13},"end":{"line":234,"column":50}},"type":"cond-expr","locations":[{"start":{"line":234,"column":36},"end":{"line":234,"column":45}},{"start":{"line":234,"column":48},"end":{"line":234,"column":50}}],"line":234}},"s":{"0":1,"1":0,"2":0,"3":0,"4":0,"5":0,"6":0,"7":0,"8":0,"9":0,"10":0,"11":0,"12":0,"13":0,"14":0,"15":0,"16":0,"17":1,"18":0,"19":0,"20":0,"21":0,"22":0,"23":0,"24":0,"25":0,"26":0,"27":0,"28":0,"29":0,"30":0,"31":0,"32":0,"33":0,"34":0,"35":1,"36":0,"37":0,"38":0,"39":0,"40":0,"41":0,"42":0,"43":0,"44":0,"45":1,"46":0,"47":0,"48":0,"49":0,"50":0,"51":0,"52":0,"53":0,"54":0,"55":0,"56":0,"57":0,"58":0,"59":0,"60":0,"61":1,"62":0,"63":0,"64":0,"65":0,"66":0,"67":0,"68":0,"69":0},"f":{"0":0,"1":0,"2":0,"3":0,"4":0,"5":0},"b":{"0":[0,0],"1":[0,0],"2":[0,0],"3":[0,0],"4":[0,0],"5":[0,0],"6":[0,0],"7":[0,0],"8":[0,0],"9":[0,0]},"_coverageSchema":"1a1c01bbd47fc00a2c39e90264f33305004495a9","hash":"e45ba3ac0049dce191cfe075db839c7a0d2f944f"}
,"C:\\Users\\HP\\OneDrive\\Desktop\\secure-authentication\\src\\controllers\\profile\\profile.controllers.js": {"path":"C:\\Users\\HP\\OneDrive\\Desktop\\secure-authentication\\src\\controllers\\profile\\profile.controllers.js","statementMap":{"0":{"start":{"line":11,"column":33},"end":{"line":47,"column":1}},"1":{"start":{"line":12,"column":2},"end":{"line":46,"column":3}},"2":{"start":{"line":13,"column":49},"end":{"line":13,"column":57}},"3":{"start":{"line":16,"column":4},"end":{"line":18,"column":5}},"4":{"start":{"line":17,"column":6},"end":{"line":17,"column":68}},"5":{"start":{"line":20,"column":19},"end":{"line":20,"column":30}},"6":{"start":{"line":21,"column":18},"end":{"line":21,"column":32}},"7":{"start":{"line":24,"column":28},"end":{"line":24,"column":66}},"8":{"start":{"line":26,"column":4},"end":{"line":28,"column":5}},"9":{"start":{"line":27,"column":6},"end":{"line":27,"column":78}},"10":{"start":{"line":30,"column":23},"end":{"line":37,"column":5}},"11":{"start":{"line":39,"column":4},"end":{"line":43,"column":7}},"12":{"start":{"line":45,"column":4},"end":{"line":45,"column":30}},"13":{"start":{"line":49,"column":30},"end":{"line":70,"column":1}},"14":{"start":{"line":50,"column":2},"end":{"line":69,"column":3}},"15":{"start":{"line":51,"column":4},"end":{"line":53,"column":5}},"16":{"start":{"line":52,"column":6},"end":{"line":52,"column":68}},"17":{"start":{"line":55,"column":19},"end":{"line":55,"column":30}},"18":{"start":{"line":56,"column":20},"end":{"line":56,"column":58}},"19":{"start":{"line":58,"column":4},"end":{"line":60,"column":5}},"20":{"start":{"line":59,"column":6},"end":{"line":59,"column":59}},"21":{"start":{"line":62,"column":4},"end":{"line":66,"column":7}},"22":{"start":{"line":68,"column":4},"end":{"line":68,"column":37}},"23":{"start":{"line":104,"column":33},"end":{"line":146,"column":1}},"24":{"start":{"line":105,"column":2},"end":{"line":145,"column":3}},"25":{"start":{"line":106,"column":4},"end":{"line":108,"column":5}},"26":{"start":{"line":107,"column":6},"end":{"line":107,"column":68}},"27":{"start":{"line":110,"column":19},"end":{"line":110,"column":30}},"28":{"start":{"line":111,"column":49},"end":{"line":111,"column":57}},"29":{"start":{"line":114,"column":28},"end":{"line":114,"column":66}},"30":{"start":{"line":116,"column":4},"end":{"line":118,"column":5}},"31":{"start":{"line":117,"column":6},"end":{"line":117,"column":59}},"32":{"start":{"line":121,"column":4},"end":{"line":123,"column":5}},"33":{"start":{"line":122,"column":6},"end":{"line":122,"column":77}},"34":{"start":{"line":126,"column":27},"end":{"line":132,"column":5}},"35":{"start":{"line":134,"column":4},"end":{"line":136,"column":5}},"36":{"start":{"line":135,"column":6},"end":{"line":135,"column":63}},"37":{"start":{"line":138,"column":4},"end":{"line":142,"column":7}},"38":{"start":{"line":144,"column":4},"end":{"line":144,"column":36}},"39":{"start":{"line":148,"column":33},"end":{"line":177,"column":1}},"40":{"start":{"line":149,"column":2},"end":{"line":176,"column":3}},"41":{"start":{"line":150,"column":4},"end":{"line":152,"column":5}},"42":{"start":{"line":151,"column":6},"end":{"line":151,"column":68}},"43":{"start":{"line":154,"column":19},"end":{"line":154,"column":30}},"44":{"start":{"line":157,"column":28},"end":{"line":157,"column":66}},"45":{"start":{"line":158,"column":4},"end":{"line":160,"column":5}},"46":{"start":{"line":159,"column":6},"end":{"line":159,"column":59}},"47":{"start":{"line":163,"column":4},"end":{"line":165,"column":5}},"48":{"start":{"line":164,"column":6},"end":{"line":164,"column":77}},"49":{"start":{"line":168,"column":27},"end":{"line":168,"column":76}},"50":{"start":{"line":170,"column":4},"end":{"line":173,"column":7}},"51":{"start":{"line":175,"column":4},"end":{"line":175,"column":36}}},"fnMap":{"0":{"name":"(anonymous_0)","decl":{"start":{"line":11,"column":33},"end":{"line":11,"column":34}},"loc":{"start":{"line":11,"column":59},"end":{"line":47,"column":1}},"line":11},"1":{"name":"(anonymous_1)","decl":{"start":{"line":49,"column":30},"end":{"line":49,"column":31}},"loc":{"start":{"line":49,"column":56},"end":{"line":70,"column":1}},"line":49},"2":{"name":"(anonymous_2)","decl":{"start":{"line":104,"column":33},"end":{"line":104,"column":34}},"loc":{"start":{"line":104,"column":59},"end":{"line":146,"column":1}},"line":104},"3":{"name":"(anonymous_3)","decl":{"start":{"line":148,"column":33},"end":{"line":148,"column":34}},"loc":{"start":{"line":148,"column":59},"end":{"line":177,"column":1}},"line":148}},"branchMap":{"0":{"loc":{"start":{"line":16,"column":4},"end":{"line":18,"column":5}},"type":"if","locations":[{"start":{"line":16,"column":4},"end":{"line":18,"column":5}},{"start":{},"end":{}}],"line":16},"1":{"loc":{"start":{"line":16,"column":8},"end":{"line":16,"column":52}},"type":"binary-expr","locations":[{"start":{"line":16,"column":8},"end":{"line":16,"column":17}},{"start":{"line":16,"column":21},"end":{"line":16,"column":33}},{"start":{"line":16,"column":37},"end":{"line":16,"column":52}}],"line":16},"2":{"loc":{"start":{"line":26,"column":4},"end":{"line":28,"column":5}},"type":"if","locations":[{"start":{"line":26,"column":4},"end":{"line":28,"column":5}},{"start":{},"end":{}}],"line":26},"3":{"loc":{"start":{"line":51,"column":4},"end":{"line":53,"column":5}},"type":"if","locations":[{"start":{"line":51,"column":4},"end":{"line":53,"column":5}},{"start":{},"end":{}}],"line":51},"4":{"loc":{"start":{"line":51,"column":8},"end":{"line":51,"column":33}},"type":"binary-expr","locations":[{"start":{"line":51,"column":8},"end":{"line":51,"column":17}},{"start":{"line":51,"column":21},"end":{"line":51,"column":33}}],"line":51},"5":{"loc":{"start":{"line":58,"column":4},"end":{"line":60,"column":5}},"type":"if","locations":[{"start":{"line":58,"column":4},"end":{"line":60,"column":5}},{"start":{},"end":{}}],"line":58},"6":{"loc":{"start":{"line":106,"column":4},"end":{"line":108,"column":5}},"type":"if","locations":[{"start":{"line":106,"column":4},"end":{"line":108,"column":5}},{"start":{},"end":{}}],"line":106},"7":{"loc":{"start":{"line":106,"column":8},"end":{"line":106,"column":33}},"type":"binary-expr","locations":[{"start":{"line":106,"column":8},"end":{"line":106,"column":17}},{"start":{"line":106,"column":21},"end":{"line":106,"column":33}}],"line":106},"8":{"loc":{"start":{"line":116,"column":4},"end":{"line":118,"column":5}},"type":"if","locations":[{"start":{"line":116,"column":4},"end":{"line":118,"column":5}},{"start":{},"end":{}}],"line":116},"9":{"loc":{"start":{"line":121,"column":4},"end":{"line":123,"column":5}},"type":"if","locations":[{"start":{"line":121,"column":4},"end":{"line":123,"column":5}},{"start":{},"end":{}}],"line":121},"10":{"loc":{"start":{"line":134,"column":4},"end":{"line":136,"column":5}},"type":"if","locations":[{"start":{"line":134,"column":4},"end":{"line":136,"column":5}},{"start":{},"end":{}}],"line":134},"11":{"loc":{"start":{"line":150,"column":4},"end":{"line":152,"column":5}},"type":"if","locations":[{"start":{"line":150,"column":4},"end":{"line":152,"column":5}},{"start":{},"end":{}}],"line":150},"12":{"loc":{"start":{"line":150,"column":8},"end":{"line":150,"column":33}},"type":"binary-expr","locations":[{"start":{"line":150,"column":8},"end":{"line":150,"column":17}},{"start":{"line":150,"column":21},"end":{"line":150,"column":33}}],"line":150},"13":{"loc":{"start":{"line":158,"column":4},"end":{"line":160,"column":5}},"type":"if","locations":[{"start":{"line":158,"column":4},"end":{"line":160,"column":5}},{"start":{},"end":{}}],"line":158},"14":{"loc":{"start":{"line":163,"column":4},"end":{"line":165,"column":5}},"type":"if","locations":[{"start":{"line":163,"column":4},"end":{"line":165,"column":5}},{"start":{},"end":{}}],"line":163}},"s":{"0":1,"1":0,"2":0,"3":0,"4":0,"5":0,"6":0,"7":0,"8":0,"9":0,"10":0,"11":0,"12":0,"13":1,"14":0,"15":0,"16":0,"17":0,"18":0,"19":0,"20":0,"21":0,"22":0,"23":1,"24":0,"25":0,"26":0,"27":0,"28":0,"29":0,"30":0,"31":0,"32":0,"33":0,"34":0,"35":0,"36":0,"37":0,"38":0,"39":1,"40":0,"41":0,"42":0,"43":0,"44":0,"45":0,"46":0,"47":0,"48":0,"49":0,"50":0,"51":0},"f":{"0":0,"1":0,"2":0,"3":0},"b":{"0":[0,0],"1":[0,0,0],"2":[0,0],"3":[0,0],"4":[0,0],"5":[0,0],"6":[0,0],"7":[0,0],"8":[0,0],"9":[0,0],"10":[0,0],"11":[0,0],"12":[0,0],"13":[0,0],"14":[0,0]},"_coverageSchema":"1a1c01bbd47fc00a2c39e90264f33305004495a9","hash":"300286434968315072ace394493a6dfe86d2a167"}
,"C:\\Users\\HP\\OneDrive\\Desktop\\secure-authentication\\src\\helpers\\User\\User.helpers.js": {"path":"C:\\Users\\HP\\OneDrive\\Desktop\\secure-authentication\\src\\helpers\\User\\User.helpers.js","statementMap":{"0":{"start":{"line":1,"column":26},"end":{"line":4,"column":1}},"1":{"start":{"line":2,"column":15},"end":{"line":2,"column":60}},"2":{"start":{"line":3,"column":2},"end":{"line":3,"column":14}},"3":{"start":{"line":6,"column":30},"end":{"line":8,"column":1}},"4":{"start":{"line":7,"column":2},"end":{"line":7,"column":54}},"5":{"start":{"line":10,"column":29},"end":{"line":13,"column":1}},"6":{"start":{"line":11,"column":15},"end":{"line":11,"column":39}},"7":{"start":{"line":12,"column":2},"end":{"line":12,"column":14}},"8":{"start":{"line":15,"column":32},"end":{"line":18,"column":1}},"9":{"start":{"line":16,"column":15},"end":{"line":16,"column":45}},"10":{"start":{"line":17,"column":2},"end":{"line":17,"column":14}},"11":{"start":{"line":20,"column":37},"end":{"line":22,"column":1}},"12":{"start":{"line":21,"column":2},"end":{"line":21,"column":44}},"13":{"start":{"line":24,"column":39},"end":{"line":27,"column":1}},"14":{"start":{"line":25,"column":15},"end":{"line":25,"column":51}},"15":{"start":{"line":26,"column":2},"end":{"line":26,"column":14}},"16":{"start":{"line":29,"column":31},"end":{"line":32,"column":1}},"17":{"start":{"line":30,"column":16},"end":{"line":30,"column":34}},"18":{"start":{"line":31,"column":2},"end":{"line":31,"column":15}},"19":{"start":{"line":36,"column":31},"end":{"line":38,"column":1}},"20":{"start":{"line":37,"column":2},"end":{"line":37,"column":41}},"21":{"start":{"line":40,"column":29},"end":{"line":56,"column":1}},"22":{"start":{"line":48,"column":22},"end":{"line":54,"column":4}},"23":{"start":{"line":55,"column":2},"end":{"line":55,"column":21}},"24":{"start":{"line":58,"column":29},"end":{"line":72,"column":1}},"25":{"start":{"line":65,"column":25},"end":{"line":69,"column":3}},"26":{"start":{"line":71,"column":2},"end":{"line":71,"column":24}},"27":{"start":{"line":74,"column":29},"end":{"line":76,"column":1}},"28":{"start":{"line":75,"column":2},"end":{"line":75,"column":47}}},"fnMap":{"0":{"name":"(anonymous_0)","decl":{"start":{"line":1,"column":26},"end":{"line":1,"column":27}},"loc":{"start":{"line":1,"column":66},"end":{"line":4,"column":1}},"line":1},"1":{"name":"(anonymous_1)","decl":{"start":{"line":6,"column":30},"end":{"line":6,"column":31}},"loc":{"start":{"line":6,"column":58},"end":{"line":8,"column":1}},"line":6},"2":{"name":"(anonymous_2)","decl":{"start":{"line":10,"column":29},"end":{"line":10,"column":30}},"loc":{"start":{"line":10,"column":50},"end":{"line":13,"column":1}},"line":10},"3":{"name":"(anonymous_3)","decl":{"start":{"line":15,"column":32},"end":{"line":15,"column":33}},"loc":{"start":{"line":15,"column":56},"end":{"line":18,"column":1}},"line":15},"4":{"name":"(anonymous_4)","decl":{"start":{"line":20,"column":37},"end":{"line":20,"column":38}},"loc":{"start":{"line":20,"column":65},"end":{"line":22,"column":1}},"line":20},"5":{"name":"(anonymous_5)","decl":{"start":{"line":24,"column":39},"end":{"line":24,"column":40}},"loc":{"start":{"line":24,"column":69},"end":{"line":27,"column":1}},"line":24},"6":{"name":"(anonymous_6)","decl":{"start":{"line":29,"column":31},"end":{"line":29,"column":32}},"loc":{"start":{"line":29,"column":48},"end":{"line":32,"column":1}},"line":29},"7":{"name":"(anonymous_7)","decl":{"start":{"line":36,"column":31},"end":{"line":36,"column":32}},"loc":{"start":{"line":36,"column":56},"end":{"line":38,"column":1}},"line":36},"8":{"name":"(anonymous_8)","decl":{"start":{"line":40,"column":29},"end":{"line":40,"column":30}},"loc":{"start":{"line":47,"column":5},"end":{"line":56,"column":1}},"line":47},"9":{"name":"(anonymous_9)","decl":{"start":{"line":58,"column":29},"end":{"line":58,"column":30}},"loc":{"start":{"line":64,"column":5},"end":{"line":72,"column":1}},"line":64},"10":{"name":"(anonymous_10)","decl":{"start":{"line":74,"column":29},"end":{"line":74,"column":30}},"loc":{"start":{"line":74,"column":54},"end":{"line":76,"column":1}},"line":74}},"branchMap":{},"s":{"0":1,"1":0,"2":0,"3":1,"4":0,"5":1,"6":0,"7":0,"8":1,"9":0,"10":0,"11":1,"12":0,"13":1,"14":0,"15":0,"16":1,"17":0,"18":0,"19":1,"20":0,"21":1,"22":0,"23":0,"24":1,"25":0,"26":0,"27":1,"28":0},"f":{"0":0,"1":0,"2":0,"3":0,"4":0,"5":0,"6":0,"7":0,"8":0,"9":0,"10":0},"b":{},"_coverageSchema":"1a1c01bbd47fc00a2c39e90264f33305004495a9","hash":"674b4342cc48bb62b804ab43373c78ced66c0706"}
,"C:\\Users\\HP\\OneDrive\\Desktop\\secure-authentication\\src\\helpers\\email\\email.helpers.js": {"path":"C:\\Users\\HP\\OneDrive\\Desktop\\secure-authentication\\src\\helpers\\email\\email.helpers.js","statementMap":{"0":{"start":{"line":5,"column":38},"end":{"line":14,"column":1}},"1":{"start":{"line":6,"column":18},"end":{"line":6,"column":23}},"2":{"start":{"line":8,"column":4},"end":{"line":8,"column":75}},"3":{"start":{"line":9,"column":15},"end":{"line":9,"column":18}},"4":{"start":{"line":10,"column":15},"end":{"line":10,"column":46}},"5":{"start":{"line":13,"column":2},"end":{"line":13,"column":47}}},"fnMap":{"0":{"name":"(anonymous_0)","decl":{"start":{"line":5,"column":38},"end":{"line":5,"column":39}},"loc":{"start":{"line":5,"column":65},"end":{"line":14,"column":1}},"line":5}},"branchMap":{},"s":{"0":1,"1":0,"2":0,"3":0,"4":0,"5":0},"f":{"0":0},"b":{},"_coverageSchema":"1a1c01bbd47fc00a2c39e90264f33305004495a9","hash":"7c41ad60ac4f68b23089d938bf5fc21b638f2cf1"}
,"C:\\Users\\HP\\OneDrive\\Desktop\\secure-authentication\\src\\helpers\\jwt\\jwt.helpers.js": {"path":"C:\\Users\\HP\\OneDrive\\Desktop\\secure-authentication\\src\\helpers\\jwt\\jwt.helpers.js","statementMap":{"0":{"start":{"line":5,"column":18},"end":{"line":16,"column":1}},"1":{"start":{"line":7,"column":18},"end":{"line":7,"column":53}},"2":{"start":{"line":9,"column":23},"end":{"line":9,"column":49}},"3":{"start":{"line":11,"column":20},"end":{"line":11,"column":46}},"4":{"start":{"line":13,"column":2},"end":{"line":15,"column":5}},"5":{"start":{"line":18,"column":27},"end":{"line":33,"column":1}},"6":{"start":{"line":20,"column":16},"end":{"line":20,"column":31}},"7":{"start":{"line":22,"column":24},"end":{"line":27,"column":3}},"8":{"start":{"line":29,"column":2},"end":{"line":29,"column":73}},"9":{"start":{"line":29,"column":45},"end":{"line":29,"column":73}},"10":{"start":{"line":32,"column":2},"end":{"line":32,"column":34}},"11":{"start":{"line":35,"column":27},"end":{"line":43,"column":1}},"12":{"start":{"line":36,"column":2},"end":{"line":42,"column":3}},"13":{"start":{"line":38,"column":20},"end":{"line":38,"column":65}},"14":{"start":{"line":39,"column":4},"end":{"line":39,"column":19}},"15":{"start":{"line":41,"column":4},"end":{"line":41,"column":49}}},"fnMap":{"0":{"name":"(anonymous_0)","decl":{"start":{"line":5,"column":18},"end":{"line":5,"column":19}},"loc":{"start":{"line":5,"column":28},"end":{"line":16,"column":1}},"line":5},"1":{"name":"(anonymous_1)","decl":{"start":{"line":18,"column":27},"end":{"line":18,"column":28}},"loc":{"start":{"line":18,"column":37},"end":{"line":33,"column":1}},"line":18},"2":{"name":"(anonymous_2)","decl":{"start":{"line":35,"column":27},"end":{"line":35,"column":28}},"loc":{"start":{"line":35,"column":55},"end":{"line":43,"column":1}},"line":35}},"branchMap":{"0":{"loc":{"start":{"line":29,"column":2},"end":{"line":29,"column":73}},"type":"if","locations":[{"start":{"line":29,"column":2},"end":{"line":29,"column":73}},{"start":{},"end":{}}],"line":29}},"s":{"0":1,"1":0,"2":0,"3":0,"4":0,"5":1,"6":0,"7":0,"8":0,"9":0,"10":0,"11":1,"12":0,"13":0,"14":0,"15":0},"f":{"0":0,"1":0,"2":0},"b":{"0":[0,0]},"_coverageSchema":"1a1c01bbd47fc00a2c39e90264f33305004495a9","hash":"a4568ba9ec89429e323eb4cf9b5bdf5e4530533c"}
,"C:\\Users\\HP\\OneDrive\\Desktop\\secure-authentication\\src\\helpers\\password.encrypt\\password.encrypt.js": {"path":"C:\\Users\\HP\\OneDrive\\Desktop\\secure-authentication\\src\\helpers\\password.encrypt\\password.encrypt.js","statementMap":{"0":{"start":{"line":4,"column":28},"end":{"line":6,"column":1}},"1":{"start":{"line":5,"column":2},"end":{"line":5,"column":49}},"2":{"start":{"line":9,"column":32},"end":{"line":11,"column":1}},"3":{"start":{"line":10,"column":2},"end":{"line":10,"column":65}}},"fnMap":{"0":{"name":"(anonymous_0)","decl":{"start":{"line":4,"column":28},"end":{"line":4,"column":29}},"loc":{"start":{"line":4,"column":60},"end":{"line":6,"column":1}},"line":4},"1":{"name":"(anonymous_1)","decl":{"start":{"line":9,"column":32},"end":{"line":9,"column":33}},"loc":{"start":{"line":9,"column":77},"end":{"line":11,"column":1}},"line":9}},"branchMap":{},"s":{"0":1,"1":0,"2":1,"3":0},"f":{"0":0,"1":0},"b":{},"_coverageSchema":"1a1c01bbd47fc00a2c39e90264f33305004495a9","hash":"793ad074e6e6b3acac2b10f4a859b5b568ac211f"}
,"C:\\Users\\HP\\OneDrive\\Desktop\\secure-authentication\\src\\helpers\\password.generator\\passsword.generator.helpers.js": {"path":"C:\\Users\\HP\\OneDrive\\Desktop\\secure-authentication\\src\\helpers\\password.generator\\passsword.generator.helpers.js","statementMap":{"0":{"start":{"line":4,"column":2},"end":{"line":4,"column":68}},"1":{"start":{"line":6,"column":39},"end":{"line":20,"column":1}},"2":{"start":{"line":8,"column":2},"end":{"line":17,"column":48}},"3":{"start":{"line":9,"column":4},"end":{"line":16,"column":7}},"4":{"start":{"line":19,"column":2},"end":{"line":19,"column":18}}},"fnMap":{"0":{"name":"(anonymous_0)","decl":{"start":{"line":6,"column":39},"end":{"line":6,"column":40}},"loc":{"start":{"line":6,"column":51},"end":{"line":20,"column":1}},"line":6}},"branchMap":{},"s":{"0":1,"1":1,"2":0,"3":0,"4":0},"f":{"0":0},"b":{},"_coverageSchema":"1a1c01bbd47fc00a2c39e90264f33305004495a9","hash":"92e1145f87ef4a19e475f0dd67a06d7e6b07d579"}
,"C:\\Users\\HP\\OneDrive\\Desktop\\secure-authentication\\src\\helpers\\validation\\validation.helper.js": {"path":"C:\\Users\\HP\\OneDrive\\Desktop\\secure-authentication\\src\\helpers\\validation\\validation.helper.js","statementMap":{"0":{"start":{"line":1,"column":23},"end":{"line":8,"column":1}},"1":{"start":{"line":2,"column":27},"end":{"line":5,"column":4}},"2":{"start":{"line":7,"column":2},"end":{"line":7,"column":26}}},"fnMap":{"0":{"name":"(anonymous_0)","decl":{"start":{"line":1,"column":23},"end":{"line":1,"column":24}},"loc":{"start":{"line":1,"column":41},"end":{"line":8,"column":1}},"line":1}},"branchMap":{},"s":{"0":1,"1":1,"2":1},"f":{"0":1},"b":{},"_coverageSchema":"1a1c01bbd47fc00a2c39e90264f33305004495a9","hash":"31664b906c218915423eee2649f5aa17a38102fb"}
,"C:\\Users\\HP\\OneDrive\\Desktop\\secure-authentication\\src\\middleware\\auth\\auth.middleware.js": {"path":"C:\\Users\\HP\\OneDrive\\Desktop\\secure-authentication\\src\\middleware\\auth\\auth.middleware.js","statementMap":{"0":{"start":{"line":12,"column":29},"end":{"line":58,"column":1}},"1":{"start":{"line":13,"column":2},"end":{"line":57,"column":3}},"2":{"start":{"line":17,"column":4},"end":{"line":22,"column":5}},"3":{"start":{"line":21,"column":6},"end":{"line":21,"column":54}},"4":{"start":{"line":25,"column":4},"end":{"line":27,"column":5}},"5":{"start":{"line":26,"column":6},"end":{"line":26,"column":41}},"6":{"start":{"line":31,"column":4},"end":{"line":38,"column":5}},"7":{"start":{"line":32,"column":6},"end":{"line":32,"column":69}},"8":{"start":{"line":34,"column":6},"end":{"line":36,"column":7}},"9":{"start":{"line":35,"column":8},"end":{"line":35,"column":39}},"10":{"start":{"line":37,"column":6},"end":{"line":37,"column":37}},"11":{"start":{"line":44,"column":17},"end":{"line":44,"column":54}},"12":{"start":{"line":47,"column":4},"end":{"line":49,"column":5}},"13":{"start":{"line":48,"column":6},"end":{"line":48,"column":37}},"14":{"start":{"line":52,"column":4},"end":{"line":52,"column":20}},"15":{"start":{"line":54,"column":4},"end":{"line":54,"column":11}},"16":{"start":{"line":56,"column":4},"end":{"line":56,"column":61}}},"fnMap":{"0":{"name":"(anonymous_0)","decl":{"start":{"line":12,"column":29},"end":{"line":12,"column":30}},"loc":{"start":{"line":12,"column":55},"end":{"line":58,"column":1}},"line":12}},"branchMap":{"0":{"loc":{"start":{"line":17,"column":4},"end":{"line":22,"column":5}},"type":"if","locations":[{"start":{"line":17,"column":4},"end":{"line":22,"column":5}},{"start":{},"end":{}}],"line":17},"1":{"loc":{"start":{"line":18,"column":6},"end":{"line":19,"column":52}},"type":"binary-expr","locations":[{"start":{"line":18,"column":6},"end":{"line":18,"column":31}},{"start":{"line":19,"column":6},"end":{"line":19,"column":52}}],"line":18},"2":{"loc":{"start":{"line":25,"column":4},"end":{"line":27,"column":5}},"type":"if","locations":[{"start":{"line":25,"column":4},"end":{"line":27,"column":5}},{"start":{},"end":{}}],"line":25},"3":{"loc":{"start":{"line":34,"column":6},"end":{"line":36,"column":7}},"type":"if","locations":[{"start":{"line":34,"column":6},"end":{"line":36,"column":7}},{"start":{},"end":{}}],"line":34},"4":{"loc":{"start":{"line":47,"column":4},"end":{"line":49,"column":5}},"type":"if","locations":[{"start":{"line":47,"column":4},"end":{"line":49,"column":5}},{"start":{},"end":{}}],"line":47}},"s":{"0":1,"1":0,"2":0,"3":0,"4":0,"5":0,"6":0,"7":0,"8":0,"9":0,"10":0,"11":0,"12":0,"13":0,"14":0,"15":0,"16":0},"f":{"0":0},"b":{"0":[0,0],"1":[0,0],"2":[0,0],"3":[0,0],"4":[0,0]},"_coverageSchema":"1a1c01bbd47fc00a2c39e90264f33305004495a9","hash":"e427c06b4576e5e6ce6e81f695c0cfdd3effea7a"}
,"C:\\Users\\HP\\OneDrive\\Desktop\\secure-authentication\\src\\middleware\\errors\\AppError.js": {"path":"C:\\Users\\HP\\OneDrive\\Desktop\\secure-authentication\\src\\middleware\\errors\\AppError.js","statementMap":{"0":{"start":{"line":3,"column":4},"end":{"line":3,"column":19}},"1":{"start":{"line":5,"column":4},"end":{"line":5,"column":33}},"2":{"start":{"line":6,"column":4},"end":{"line":6,"column":69}},"3":{"start":{"line":7,"column":4},"end":{"line":7,"column":30}},"4":{"start":{"line":9,"column":4},"end":{"line":9,"column":52}}},"fnMap":{"0":{"name":"(anonymous_0)","decl":{"start":{"line":2,"column":2},"end":{"line":2,"column":3}},"loc":{"start":{"line":2,"column":35},"end":{"line":10,"column":3}},"line":2}},"branchMap":{"0":{"loc":{"start":{"line":6,"column":18},"end":{"line":6,"column":68}},"type":"cond-expr","locations":[{"start":{"line":6,"column":52},"end":{"line":6,"column":58}},{"start":{"line":6,"column":61},"end":{"line":6,"column":68}}],"line":6}},"s":{"0":11,"1":11,"2":11,"3":11,"4":11},"f":{"0":11},"b":{"0":[10,1]},"_coverageSchema":"1a1c01bbd47fc00a2c39e90264f33305004495a9","hash":"1a503edb78430ec34251c8613714340a3741cdee"}
,"C:\\Users\\HP\\OneDrive\\Desktop\\secure-authentication\\src\\middleware\\errors\\customErrors.js": {"path":"C:\\Users\\HP\\OneDrive\\Desktop\\secure-authentication\\src\\middleware\\errors\\customErrors.js","statementMap":{"0":{"start":{"line":3,"column":41},"end":{"line":6,"column":1}},"1":{"start":{"line":7,"column":33},"end":{"line":7,"column":73}},"2":{"start":{"line":8,"column":31},"end":{"line":8,"column":70}},"3":{"start":{"line":9,"column":37},"end":{"line":12,"column":1}},"4":{"start":{"line":13,"column":35},"end":{"line":13,"column":77}},"5":{"start":{"line":14,"column":37},"end":{"line":17,"column":1}},"6":{"start":{"line":19,"column":37},"end":{"line":22,"column":1}},"7":{"start":{"line":24,"column":33},"end":{"line":27,"column":1}},"8":{"start":{"line":29,"column":33},"end":{"line":32,"column":1}},"9":{"start":{"line":34,"column":33},"end":{"line":37,"column":1}}},"fnMap":{},"branchMap":{},"s":{"0":1,"1":1,"2":1,"3":1,"4":1,"5":1,"6":1,"7":1,"8":1,"9":1},"f":{},"b":{},"_coverageSchema":"1a1c01bbd47fc00a2c39e90264f33305004495a9","hash":"d64749bde74abb22afb67be6a41f1d136b9afaba"}
,"C:\\Users\\HP\\OneDrive\\Desktop\\secure-authentication\\src\\middleware\\errors\\errors.middleware.js": {"path":"C:\\Users\\HP\\OneDrive\\Desktop\\secure-authentication\\src\\middleware\\errors\\errors.middleware.js","statementMap":{"0":{"start":{"line":1,"column":28},"end":{"line":8,"column":1}},"1":{"start":{"line":4,"column":2},"end":{"line":7,"column":5}}},"fnMap":{"0":{"name":"(anonymous_0)","decl":{"start":{"line":1,"column":28},"end":{"line":1,"column":29}},"loc":{"start":{"line":1,"column":53},"end":{"line":8,"column":1}},"line":1}},"branchMap":{"0":{"loc":{"start":{"line":4,"column":13},"end":{"line":4,"column":34}},"type":"binary-expr","locations":[{"start":{"line":4,"column":13},"end":{"line":4,"column":27}},{"start":{"line":4,"column":31},"end":{"line":4,"column":34}}],"line":4},"1":{"loc":{"start":{"line":5,"column":12},"end":{"line":5,"column":54}},"type":"cond-expr","locations":[{"start":{"line":5,"column":35},"end":{"line":5,"column":44}},{"start":{"line":5,"column":47},"end":{"line":5,"column":54}}],"line":5},"2":{"loc":{"start":{"line":6,"column":13},"end":{"line":6,"column":51}},"type":"binary-expr","locations":[{"start":{"line":6,"column":13},"end":{"line":6,"column":24}},{"start":{"line":6,"column":28},"end":{"line":6,"column":51}}],"line":6}},"s":{"0":1,"1":1},"f":{"0":1},"b":{"0":[1,0],"1":[1,0],"2":[1,0]},"_coverageSchema":"1a1c01bbd47fc00a2c39e90264f33305004495a9","hash":"da0e770b0efaffd0032f3e09388e805aaf075063"}
,"C:\\Users\\HP\\OneDrive\\Desktop\\secure-authentication\\src\\middleware\\role.authentication\\role.authentication.middleware.js": {"path":"C:\\Users\\HP\\OneDrive\\Desktop\\secure-authentication\\src\\middleware\\role.authentication\\role.authentication.middleware.js","statementMap":{"0":{"start":{"line":3,"column":26},"end":{"line":19,"column":1}},"1":{"start":{"line":4,"column":2},"end":{"line":18,"column":4}},"2":{"start":{"line":5,"column":4},"end":{"line":17,"column":5}},"3":{"start":{"line":8,"column":6},"end":{"line":12,"column":7}},"4":{"start":{"line":9,"column":8},"end":{"line":11,"column":10}},"5":{"start":{"line":14,"column":6},"end":{"line":14,"column":13}},"6":{"start":{"line":16,"column":6},"end":{"line":16,"column":62}}},"fnMap":{"0":{"name":"(anonymous_0)","decl":{"start":{"line":3,"column":26},"end":{"line":3,"column":27}},"loc":{"start":{"line":3,"column":40},"end":{"line":19,"column":1}},"line":3},"1":{"name":"(anonymous_1)","decl":{"start":{"line":4,"column":9},"end":{"line":4,"column":10}},"loc":{"start":{"line":4,"column":29},"end":{"line":18,"column":3}},"line":4}},"branchMap":{"0":{"loc":{"start":{"line":8,"column":6},"end":{"line":12,"column":7}},"type":"if","locations":[{"start":{"line":8,"column":6},"end":{"line":12,"column":7}},{"start":{},"end":{}}],"line":8}},"s":{"0":1,"1":1,"2":0,"3":0,"4":0,"5":0,"6":0},"f":{"0":1,"1":0},"b":{"0":[0,0]},"_coverageSchema":"1a1c01bbd47fc00a2c39e90264f33305004495a9","hash":"c9314c15dbcde6bc96f1ba25e80ebd9701403560"}
,"C:\\Users\\HP\\OneDrive\\Desktop\\secure-authentication\\src\\models\\Profile\\Profile.model.js": {"path":"C:\\Users\\HP\\OneDrive\\Desktop\\secure-authentication\\src\\models\\Profile\\Profile.model.js","statementMap":{"0":{"start":{"line":3,"column":22},"end":{"line":33,"column":1}},"1":{"start":{"line":35,"column":16},"end":{"line":35,"column":47}}},"fnMap":{},"branchMap":{},"s":{"0":1,"1":1},"f":{},"b":{},"_coverageSchema":"1a1c01bbd47fc00a2c39e90264f33305004495a9","hash":"79f34006f9cf2e3481e341c030b927af011d42a5"}
,"C:\\Users\\HP\\OneDrive\\Desktop\\secure-authentication\\src\\models\\User\\User.model.js": {"path":"C:\\Users\\HP\\OneDrive\\Desktop\\secure-authentication\\src\\models\\User\\User.model.js","statementMap":{"0":{"start":{"line":2,"column":19},"end":{"line":22,"column":1}},"1":{"start":{"line":24,"column":13},"end":{"line":24,"column":38}}},"fnMap":{},"branchMap":{},"s":{"0":1,"1":1},"f":{},"b":{},"_coverageSchema":"1a1c01bbd47fc00a2c39e90264f33305004495a9","hash":"6a4797980f079f61763cdeb5cace905cd948adac"}
,"C:\\Users\\HP\\OneDrive\\Desktop\\secure-authentication\\src\\models\\user.login\\user.login.model.js": {"path":"C:\\Users\\HP\\OneDrive\\Desktop\\secure-authentication\\src\\models\\user.login\\user.login.model.js","statementMap":{"0":{"start":{"line":2,"column":34},"end":{"line":15,"column":1}},"1":{"start":{"line":17,"column":31},"end":{"line":20,"column":1}}},"fnMap":{},"branchMap":{},"s":{"0":1,"1":1},"f":{},"b":{},"_coverageSchema":"1a1c01bbd47fc00a2c39e90264f33305004495a9","hash":"f0d880d82bda9df1df400e1dc357258c74efc4ca"}
,"C:\\Users\\HP\\OneDrive\\Desktop\\secure-authentication\\src\\routes\\index.router.js": {"path":"C:\\Users\\HP\\OneDrive\\Desktop\\secure-authentication\\src\\routes\\index.router.js","statementMap":{"0":{"start":{"line":4,"column":15},"end":{"line":4,"column":23}},"1":{"start":{"line":6,"column":0},"end":{"line":6,"column":32}},"2":{"start":{"line":7,"column":0},"end":{"line":7,"column":47}}},"fnMap":{},"branchMap":{},"s":{"0":1,"1":1,"2":1},"f":{},"b":{},"_coverageSchema":"1a1c01bbd47fc00a2c39e90264f33305004495a9","hash":"5f42c4a8273b6e4ab28a32150009e1c8a058dda4"}
,"C:\\Users\\HP\\OneDrive\\Desktop\\secure-authentication\\src\\routes\\auth\\auth.router.js": {"path":"C:\\Users\\HP\\OneDrive\\Desktop\\secure-authentication\\src\\routes\\auth\\auth.router.js","statementMap":{"0":{"start":{"line":14,"column":19},"end":{"line":14,"column":27}},"1":{"start":{"line":18,"column":0},"end":{"line":18,"column":67}},"2":{"start":{"line":19,"column":0},"end":{"line":19,"column":54}},"3":{"start":{"line":20,"column":0},"end":{"line":20,"column":52}},"4":{"start":{"line":24,"column":0},"end":{"line":24,"column":54}},"5":{"start":{"line":28,"column":0},"end":{"line":33,"column":2}}},"fnMap":{},"branchMap":{},"s":{"0":1,"1":1,"2":1,"3":1,"4":1,"5":1},"f":{},"b":{},"_coverageSchema":"1a1c01bbd47fc00a2c39e90264f33305004495a9","hash":"120a95981f6419a9aaa110c015995c65edbebd94"}
,"C:\\Users\\HP\\OneDrive\\Desktop\\secure-authentication\\src\\routes\\user.profile\\user.profile.router.js": {"path":"C:\\Users\\HP\\OneDrive\\Desktop\\secure-authentication\\src\\routes\\user.profile\\user.profile.router.js","statementMap":{"0":{"start":{"line":10,"column":26},"end":{"line":10,"column":34}},"1":{"start":{"line":13,"column":0},"end":{"line":13,"column":37}},"2":{"start":{"line":15,"column":0},"end":{"line":15,"column":72}},"3":{"start":{"line":16,"column":0},"end":{"line":16,"column":48}},"4":{"start":{"line":17,"column":0},"end":{"line":17,"column":52}},"5":{"start":{"line":18,"column":0},"end":{"line":18,"column":55}}},"fnMap":{},"branchMap":{},"s":{"0":1,"1":1,"2":1,"3":1,"4":1,"5":1},"f":{},"b":{},"_coverageSchema":"1a1c01bbd47fc00a2c39e90264f33305004495a9","hash":"979d5a98d1605459a867197436feef1887e50ec8"}
,"C:\\Users\\HP\\OneDrive\\Desktop\\secure-authentication\\src\\utils\\mail\\sendgrid.mail.js": {"path":"C:\\Users\\HP\\OneDrive\\Desktop\\secure-authentication\\src\\utils\\mail\\sendgrid.mail.js","statementMap":{"0":{"start":{"line":2,"column":0},"end":{"line":2,"column":47}},"1":{"start":{"line":4,"column":24},"end":{"line":25,"column":1}},"2":{"start":{"line":6,"column":14},"end":{"line":12,"column":3}},"3":{"start":{"line":14,"column":2},"end":{"line":24,"column":3}},"4":{"start":{"line":16,"column":4},"end":{"line":16,"column":27}},"5":{"start":{"line":17,"column":4},"end":{"line":17,"column":43}},"6":{"start":{"line":19,"column":4},"end":{"line":19,"column":49}},"7":{"start":{"line":21,"column":4},"end":{"line":23,"column":5}},"8":{"start":{"line":22,"column":6},"end":{"line":22,"column":69}}},"fnMap":{"0":{"name":"(anonymous_0)","decl":{"start":{"line":4,"column":24},"end":{"line":4,"column":25}},"loc":{"start":{"line":4,"column":59},"end":{"line":25,"column":1}},"line":4}},"branchMap":{"0":{"loc":{"start":{"line":21,"column":4},"end":{"line":23,"column":5}},"type":"if","locations":[{"start":{"line":21,"column":4},"end":{"line":23,"column":5}},{"start":{},"end":{}}],"line":21}},"s":{"0":1,"1":1,"2":0,"3":0,"4":0,"5":0,"6":0,"7":0,"8":0},"f":{"0":0},"b":{"0":[0,0]},"_coverageSchema":"1a1c01bbd47fc00a2c39e90264f33305004495a9","hash":"820d4cecc5036ab2828f087a33972d5bedfb5d5e"}
,"C:\\Users\\HP\\OneDrive\\Desktop\\secure-authentication\\src\\utils\\template\\reset.password.template.js": {"path":"C:\\Users\\HP\\OneDrive\\Desktop\\secure-authentication\\src\\utils\\template\\reset.password.template.js","statementMap":{"0":{"start":{"line":1,"column":37},"end":{"line":5,"column":1}},"1":{"start":{"line":2,"column":2},"end":{"line":4,"column":17}}},"fnMap":{"0":{"name":"(anonymous_0)","decl":{"start":{"line":1,"column":37},"end":{"line":1,"column":38}},"loc":{"start":{"line":1,"column":57},"end":{"line":5,"column":1}},"line":1}},"branchMap":{},"s":{"0":1,"1":0},"f":{"0":0},"b":{},"_coverageSchema":"1a1c01bbd47fc00a2c39e90264f33305004495a9","hash":"396695bb75839ddde2c7f77d24f9dc85f7f4bc85"}
,"C:\\Users\\HP\\OneDrive\\Desktop\\secure-authentication\\src\\utils\\validations\\profile.create.validation.js": {"path":"C:\\Users\\HP\\OneDrive\\Desktop\\secure-authentication\\src\\utils\\validations\\profile.create.validation.js","statementMap":{"0":{"start":{"line":6,"column":26},"end":{"line":47,"column":1}},"1":{"start":{"line":7,"column":2},"end":{"line":46,"column":3}},"2":{"start":{"line":9,"column":19},"end":{"line":27,"column":6}},"3":{"start":{"line":30,"column":22},"end":{"line":30,"column":54}},"4":{"start":{"line":33,"column":4},"end":{"line":35,"column":5}},"5":{"start":{"line":34,"column":6},"end":{"line":34,"column":63}},"6":{"start":{"line":38,"column":4},"end":{"line":38,"column":11}},"7":{"start":{"line":40,"column":4},"end":{"line":45,"column":6}}},"fnMap":{"0":{"name":"(anonymous_0)","decl":{"start":{"line":6,"column":26},"end":{"line":6,"column":27}},"loc":{"start":{"line":6,"column":52},"end":{"line":47,"column":1}},"line":6}},"branchMap":{"0":{"loc":{"start":{"line":33,"column":4},"end":{"line":35,"column":5}},"type":"if","locations":[{"start":{"line":33,"column":4},"end":{"line":35,"column":5}},{"start":{},"end":{}}],"line":33}},"s":{"0":1,"1":0,"2":0,"3":0,"4":0,"5":0,"6":0,"7":0},"f":{"0":0},"b":{"0":[0,0]},"_coverageSchema":"1a1c01bbd47fc00a2c39e90264f33305004495a9","hash":"246abeea52701b41bc5bbc5357850d012042fb59"}
,"C:\\Users\\HP\\OneDrive\\Desktop\\secure-authentication\\src\\utils\\validations\\user.login.validation.js": {"path":"C:\\Users\\HP\\OneDrive\\Desktop\\secure-authentication\\src\\utils\\validations\\user.login.validation.js","statementMap":{"0":{"start":{"line":6,"column":24},"end":{"line":36,"column":1}},"1":{"start":{"line":7,"column":2},"end":{"line":35,"column":3}},"2":{"start":{"line":9,"column":19},"end":{"line":20,"column":6}},"3":{"start":{"line":23,"column":22},"end":{"line":23,"column":54}},"4":{"start":{"line":26,"column":4},"end":{"line":28,"column":5}},"5":{"start":{"line":27,"column":6},"end":{"line":27,"column":63}},"6":{"start":{"line":31,"column":4},"end":{"line":31,"column":11}},"7":{"start":{"line":34,"column":4},"end":{"line":34,"column":79}}},"fnMap":{"0":{"name":"(anonymous_0)","decl":{"start":{"line":6,"column":24},"end":{"line":6,"column":25}},"loc":{"start":{"line":6,"column":50},"end":{"line":36,"column":1}},"line":6}},"branchMap":{"0":{"loc":{"start":{"line":26,"column":4},"end":{"line":28,"column":5}},"type":"if","locations":[{"start":{"line":26,"column":4},"end":{"line":28,"column":5}},{"start":{},"end":{}}],"line":26}},"s":{"0":1,"1":0,"2":0,"3":0,"4":0,"5":0,"6":0,"7":0},"f":{"0":0},"b":{"0":[0,0]},"_coverageSchema":"1a1c01bbd47fc00a2c39e90264f33305004495a9","hash":"23bb98e5904e876558c40982037459be66f771cb"}
,"C:\\Users\\HP\\OneDrive\\Desktop\\secure-authentication\\src\\utils\\validations\\user.register.validation.js": {"path":"C:\\Users\\HP\\OneDrive\\Desktop\\secure-authentication\\src\\utils\\validations\\user.register.validation.js","statementMap":{"0":{"start":{"line":6,"column":27},"end":{"line":51,"column":1}},"1":{"start":{"line":7,"column":2},"end":{"line":50,"column":3}},"2":{"start":{"line":9,"column":19},"end":{"line":37,"column":6}},"3":{"start":{"line":40,"column":22},"end":{"line":40,"column":54}},"4":{"start":{"line":43,"column":4},"end":{"line":45,"column":5}},"5":{"start":{"line":44,"column":6},"end":{"line":44,"column":63}},"6":{"start":{"line":47,"column":4},"end":{"line":47,"column":11}},"7":{"start":{"line":49,"column":4},"end":{"line":49,"column":79}}},"fnMap":{"0":{"name":"(anonymous_0)","decl":{"start":{"line":6,"column":27},"end":{"line":6,"column":28}},"loc":{"start":{"line":6,"column":53},"end":{"line":51,"column":1}},"line":6}},"branchMap":{"0":{"loc":{"start":{"line":43,"column":4},"end":{"line":45,"column":5}},"type":"if","locations":[{"start":{"line":43,"column":4},"end":{"line":45,"column":5}},{"start":{},"end":{}}],"line":43}},"s":{"0":1,"1":1,"2":1,"3":1,"4":1,"5":1,"6":0,"7":0},"f":{"0":1},"b":{"0":[1,0]},"_coverageSchema":"1a1c01bbd47fc00a2c39e90264f33305004495a9","hash":"5bc364bc23e8d25399cb104c22f257db2e37cc2c"}
}
